[32m[OK](B[m unzip is already installed. Skipping...
[33m[NOTE](B[m Installing gtk-engine-murrine ...
Sync Explicit (1): gtk-engine-murrine-0.98.2-4
Sync Explicit (1): gtk-engine-murrine-0.98.2-4
resolving dependencies...
resolving dependencies...
looking for conflicting packages...
looking for conflicting packages...

Package (1)               New Version  Net Change  Download Size

extra/gtk-engine-murrine  0.98.2-4       0.30 MiB       0.09 MiB

Total Download Size:   0.09 MiB
Total Installed Size:  0.30 MiB

:: Proceed with installation? [Y/n] 
Package (1)               New Version  Net Change  Download Size

extra/gtk-engine-murrine  0.98.2-4       0.30 MiB       0.09 MiB

Total Download Size:   0.09 MiB
Total Installed Size:  0.30 MiB

:: Proceed with installation? [Y/n] 
:: Retrieving packages...

:: Retrieving packages...
 gtk-engine-murrine-0.98.2-4-x86_64 downloading...
 gtk-engine-murrine-0.98.2-4-x86_64 downloading...
checking keyring...
checking keyring...
checking package integrity...
checking package integrity...
loading package files...
loading package files...
checking for file conflicts...
checking for file conflicts...
checking available disk space...
checking available disk space...
:: Processing package changes...
installing gtk-engine-murrine...
:: Processing package changes...
installing gtk-engine-murrine...
:: Running post-transaction hooks...
(1/1) Arming ConditionNeedsUpdate...
:: Running post-transaction hooks...
(1/1) Arming ConditionNeedsUpdate...
[1A[K[32m[OK](B[m Package [33mgtk-engine-murrine(B[m has been successfully installed!
[33m[NOTE](B[m Cloning GTK themes and Icons repository...
[32m[OK](B[m Extracted GTK Themes & Icons to ~/.icons & ~/.themes folders
