[33m[NOTE](B[m Installing xdg-desktop-portal-hyprland ...
Sync Explicit (1): xdg-desktop-portal-hyprland-1.3.9-5
Sync Explicit (1): xdg-desktop-portal-hyprland-1.3.9-5
resolving dependencies...
resolving dependencies...
looking for conflicting packages...
looking for conflicting packages...

Package (1)                        New Version  Net Change  Download Size

extra/xdg-desktop-portal-hyprland  1.3.9-5        0.61 MiB       0.22 MiB

Total Download Size:   0.22 MiB
Total Installed Size:  0.61 MiB

:: Proceed with installation? [Y/n] 
Package (1)                        New Version  Net Change  Download Size

extra/xdg-desktop-portal-hyprland  1.3.9-5        0.61 MiB       0.22 MiB

Total Download Size:   0.22 MiB
Total Installed Size:  0.61 MiB

:: Proceed with installation? [Y/n] 
:: Retrieving packages...

:: Retrieving packages...
 xdg-desktop-portal-hyprland-1.3.9-5-x86_64 downloading...
 xdg-desktop-portal-hyprland-1.3.9-5-x86_64 downloading...
checking keyring...
checking keyring...
checking package integrity...
checking package integrity...
loading package files...
loading package files...
checking for file conflicts...
checking for file conflicts...
checking available disk space...
checking available disk space...
:: Processing package changes...
installing xdg-desktop-portal-hyprland...
:: Processing package changes...
installing xdg-desktop-portal-hyprland...
Optional dependencies for xdg-desktop-portal-hyprland
    grim: required for the screenshot portal to function [installed]
    slurp: support for interactive mode for the screenshot portal [installed]
Optional dependencies for xdg-desktop-portal-hyprland
    grim: required for the screenshot portal to function [installed]
    slurp: support for interactive mode for the screenshot portal [installed]
:: Running post-transaction hooks...
(1/2) Reloading user manager configuration...
:: Running post-transaction hooks...
(1/2) Reloading user manager configuration...
(2/2) Arming ConditionNeedsUpdate...
(2/2) Arming ConditionNeedsUpdate...
[1A[K[32m[OK](B[m Package [33mxdg-desktop-portal-hyprland(B[m has been successfully installed!
[32m[OK](B[m xdg-desktop-portal-gtk is already installed. Skipping...
[33m[NOTE](B[m Installing umockdev ...
Sync Explicit (1): umockdev-0.18.4-1
Sync Explicit (1): umockdev-0.18.4-1
resolving dependencies...
resolving dependencies...
looking for conflicting packages...
looking for conflicting packages...

Package (1)     New Version  Net Change  Download Size

extra/umockdev  0.18.4-1       0.63 MiB       0.14 MiB

Total Download Size:   0.14 MiB
Total Installed Size:  0.63 MiB

:: Proceed with installation? [Y/n] 
Package (1)     New Version  Net Change  Download Size

extra/umockdev  0.18.4-1       0.63 MiB       0.14 MiB

Total Download Size:   0.14 MiB
Total Installed Size:  0.63 MiB

:: Proceed with installation? [Y/n] 
:: Retrieving packages...

:: Retrieving packages...
 umockdev-0.18.4-1-x86_64 downloading...
 umockdev-0.18.4-1-x86_64 downloading...
checking keyring...
checking keyring...
checking package integrity...
checking package integrity...
loading package files...
loading package files...
checking for file conflicts...
checking for file conflicts...
checking available disk space...
checking available disk space...
:: Processing package changes...
installing umockdev...
:: Processing package changes...
installing umockdev...
:: Running post-transaction hooks...
(1/1) Arming ConditionNeedsUpdate...
:: Running post-transaction hooks...
(1/1) Arming ConditionNeedsUpdate...
[1A[K[32m[OK](B[m Package [33mumockdev(B[m has been successfully installed!
