resolving dependencies...
looking for conflicting packages...

Package (1)      Old Version  New Version  Net Change  Download Size

core/base-devel  1-2          1-2            0.00 MiB       0.00 MiB

Total Download Size:  0.00 MiB

:: Proceed with installation? [Y/n] 
:: Retrieving packages...
 base-devel-1-2-any downloading...
checking keyring...
checking package integrity...
loading package files...
checking for file conflicts...
checking available disk space...
:: Processing package changes...
reinstalling base-devel...
resolving dependencies...
looking for conflicting packages...

Package (1)             Old Version  New Version  Net Change  Download Size

core/archlinux-keyring  20250123-1   20250123-1     0.00 MiB       1.18 MiB

Total Download Size:   1.18 MiB
Total Installed Size:  1.68 MiB
Net Upgrade Size:      0.00 MiB

:: Proceed with installation? [Y/n] 
:: Retrieving packages...
 archlinux-keyring-20250123-1-any downloading...
checking keyring...
checking package integrity...
loading package files...
checking for file conflicts...
checking available disk space...
:: Processing package changes...
reinstalling archlinux-keyring...
==> Appending keys from archlinux.gpg...
==> Updating trust database...
gpg: next trustdb check due at 2025-06-16
:: Running post-transaction hooks...
(1/3) Reloading system manager configuration...
(2/3) Restarting marked services...
(3/3) Arming ConditionNeedsUpdate...
