[33m[NOTE](B[m Installing eza ...
Sync Explicit (1): eza-0.20.19-1
Sync Explicit (1): eza-0.20.19-1
resolving dependencies...
resolving dependencies...
looking for conflicting packages...
looking for conflicting packages...

Package (3)    New Version  Net Change  Download Size

extra/libgit2  1:1.9.0-2      3.05 MiB       0.95 MiB
extra/llhttp   9.2.1-2        0.10 MiB       0.03 MiB
extra/eza      0.20.19-1      1.49 MiB       0.57 MiB

Total Download Size:   1.55 MiB
Total Installed Size:  4.64 MiB

:: Proceed with installation? [Y/n] 
Package (3)    New Version  Net Change  Download Size

extra/libgit2  1:1.9.0-2      3.05 MiB       0.95 MiB
extra/llhttp   9.2.1-2        0.10 MiB       0.03 MiB
extra/eza      0.20.19-1      1.49 MiB       0.57 MiB

Total Download Size:   1.55 MiB
Total Installed Size:  4.64 MiB

:: Proceed with installation? [Y/n] 
:: Retrieving packages...

:: Retrieving packages...
 libgit2-1:1.9.0-2-x86_64 downloading...
 eza-0.20.19-1-x86_64 downloading...
 llhttp-9.2.1-2-x86_64 downloading...
 libgit2-1:1.9.0-2-x86_64 downloading...
 eza-0.20.19-1-x86_64 downloading...
 llhttp-9.2.1-2-x86_64 downloading...
checking keyring...
checking keyring...
checking package integrity...
checking package integrity...
loading package files...
loading package files...
checking for file conflicts...
checking for file conflicts...
checking available disk space...
checking available disk space...
:: Processing package changes...
installing llhttp...
:: Processing package changes...
installing llhttp...
installing libgit2...
installing libgit2...
installing eza...
installing eza...
:: Running post-transaction hooks...
(1/1) Arming ConditionNeedsUpdate...
:: Running post-transaction hooks...
(1/1) Arming ConditionNeedsUpdate...
[1A[K[32m[OK](B[m Package [33meza(B[m has been successfully installed!
[32m[OK](B[m zsh is already installed. Skipping...
[32m[OK](B[m zsh-completions is already installed. Skipping...
[33m[NOTE](B[m Installing fzf ...
Sync Explicit (1): fzf-0.57.0-1
Sync Explicit (1): fzf-0.57.0-1
resolving dependencies...
resolving dependencies...
looking for conflicting packages...
looking for conflicting packages...

Package (1)  New Version  Net Change  Download Size

extra/fzf    0.57.0-1       4.15 MiB       1.44 MiB

Total Download Size:   1.44 MiB
Total Installed Size:  4.15 MiB

:: Proceed with installation? [Y/n] 
Package (1)  New Version  Net Change  Download Size

extra/fzf    0.57.0-1       4.15 MiB       1.44 MiB

Total Download Size:   1.44 MiB
Total Installed Size:  4.15 MiB

:: Proceed with installation? [Y/n] 
:: Retrieving packages...

:: Retrieving packages...
 fzf-0.57.0-1-x86_64 downloading...
 fzf-0.57.0-1-x86_64 downloading...
checking keyring...
checking keyring...
checking package integrity...
checking package integrity...
loading package files...
loading package files...
checking for file conflicts...
checking for file conflicts...
checking available disk space...
checking available disk space...
:: Processing package changes...
installing fzf...
:: Processing package changes...
installing fzf...
Optional dependencies for fzf
    fish: fish keybindings [installed]
    tmux: fzf-tmux script for launching fzf in a tmux pane
    vim: plugin [installed]
    zsh: zsh keybindings [installed]
Optional dependencies for fzf
    fish: fish keybindings [installed]
    tmux: fzf-tmux script for launching fzf in a tmux pane
    vim: plugin [installed]
    zsh: zsh keybindings [installed]
:: Running post-transaction hooks...
(1/2) Arming ConditionNeedsUpdate...
:: Running post-transaction hooks...
(1/2) Arming ConditionNeedsUpdate...
(2/2) Updating Vim help tags...
(2/2) Updating Vim help tags...
[1A[K[32m[OK](B[m Package [33mfzf(B[m has been successfully installed!
[32m[OK](B[m pokemon-colorscripts-git is already installed. Skipping...
Directory .oh-my-zsh already exists. Skipping re-installation.
Directory zsh-autosuggestions already exists. Skipping cloning.
Directory zsh-syntax-highlighting already exists. Skipping cloning.
[33m[NOTE](B[m Shell changed successfully to zsh.
