[33m[NOTE](B[m Installing typescript ...
Sync Explicit (1): typescript-5.7.3-1
Sync Explicit (1): typescript-5.7.3-1
resolving dependencies...
resolving dependencies...
looking for conflicting packages...
looking for conflicting packages...

Package (1)       New Version  Net Change  Download Size

extra/typescript  5.7.3-1       21.68 MiB       1.90 MiB

Total Download Size:    1.90 MiB
Total Installed Size:  21.68 MiB

:: Proceed with installation? [Y/n] 
Package (1)       New Version  Net Change  Download Size

extra/typescript  5.7.3-1       21.68 MiB       1.90 MiB

Total Download Size:    1.90 MiB
Total Installed Size:  21.68 MiB

:: Proceed with installation? [Y/n] 
:: Retrieving packages...

:: Retrieving packages...
 typescript-5.7.3-1-any downloading...
 typescript-5.7.3-1-any downloading...
checking keyring...
checking keyring...
checking package integrity...
checking package integrity...
loading package files...
loading package files...
checking for file conflicts...
checking for file conflicts...
checking available disk space...
checking available disk space...
:: Processing package changes...
installing typescript...
:: Processing package changes...
installing typescript...
:: Running post-transaction hooks...
(1/1) Arming ConditionNeedsUpdate...
:: Running post-transaction hooks...
(1/1) Arming ConditionNeedsUpdate...
[1A[K[32m[OK](B[m Package [33mtypescript(B[m has been successfully installed!
[32m[OK](B[m npm is already installed. Skipping...
[32m[OK](B[m meson is already installed. Skipping...
[32m[OK](B[m glib2-devel is already installed. Skipping...
[33m[NOTE](B[m Installing gjs ...
Sync Explicit (1): gjs-2:1.82.1-2
Sync Explicit (1): gjs-2:1.82.1-2
resolving dependencies...
resolving dependencies...
looking for conflicting packages...
looking for conflicting packages...

Package (2)  New Version  Net Change  Download Size

extra/js128  128.6.0-1     75.72 MiB      14.19 MiB
extra/gjs    2:1.82.1-2     1.87 MiB       0.53 MiB

Total Download Size:   14.72 MiB
Total Installed Size:  77.59 MiB

:: Proceed with installation? [Y/n] 
Package (2)  New Version  Net Change  Download Size

extra/js128  128.6.0-1     75.72 MiB      14.19 MiB
extra/gjs    2:1.82.1-2     1.87 MiB       0.53 MiB

Total Download Size:   14.72 MiB
Total Installed Size:  77.59 MiB

:: Proceed with installation? [Y/n] 
:: Retrieving packages...

:: Retrieving packages...
 js128-128.6.0-1-x86_64 downloading...
 gjs-2:1.82.1-2-x86_64 downloading...
 js128-128.6.0-1-x86_64 downloading...
 gjs-2:1.82.1-2-x86_64 downloading...
checking keyring...
checking keyring...
checking package integrity...
checking package integrity...
loading package files...
loading package files...
checking for file conflicts...
checking for file conflicts...
checking available disk space...
checking available disk space...
:: Processing package changes...
installing js128...
:: Processing package changes...
installing js128...
installing gjs...
installing gjs...
:: Running post-transaction hooks...
(1/1) Arming ConditionNeedsUpdate...
:: Running post-transaction hooks...
(1/1) Arming ConditionNeedsUpdate...
[1A[K[32m[OK](B[m Package [33mgjs(B[m has been successfully installed!
[32m[OK](B[m gtk3 is already installed. Skipping...
[32m[OK](B[m gtk-layer-shell is already installed. Skipping...
[32m[OK](B[m upower is already installed. Skipping...
[32m[OK](B[m networkmanager is already installed. Skipping...
[32m[OK](B[m gobject-introspection is already installed. Skipping...
[32m[OK](B[m libdbusmenu-gtk3 is already installed. Skipping...
[32m[OK](B[m libsoup3 is already installed. Skipping...
