[32m[OK](B[m pipewire is already installed. Skipping...
[32m[OK](B[m wireplumber is already installed. Skipping...
[32m[OK](B[m pipewire-audio is already installed. Skipping...
[32m[OK](B[m pipewire-alsa is already installed. Skipping...
[32m[OK](B[m pipewire-pulse is already installed. Skipping...
[33m[NOTE](B[m Installing sof-firmware ...
Sync Explicit (1): sof-firmware-2025.01-1
Sync Explicit (1): sof-firmware-2025.01-1
resolving dependencies...
resolving dependencies...
looking for conflicting packages...
looking for conflicting packages...

Package (1)         New Version  Net Change  Download Size

extra/sof-firmware  2025.01-1     33.86 MiB       1.41 MiB

Total Download Size:    1.41 MiB
Total Installed Size:  33.86 MiB

:: Proceed with installation? [Y/n] 
Package (1)         New Version  Net Change  Download Size

extra/sof-firmware  2025.01-1     33.86 MiB       1.41 MiB

Total Download Size:    1.41 MiB
Total Installed Size:  33.86 MiB

:: Proceed with installation? [Y/n] 
:: Retrieving packages...

:: Retrieving packages...
 sof-firmware-2025.01-1-x86_64 downloading...
 sof-firmware-2025.01-1-x86_64 downloading...
checking keyring...
checking keyring...
checking package integrity...
checking package integrity...
loading package files...
loading package files...
checking for file conflicts...
checking for file conflicts...
checking available disk space...
checking available disk space...
:: Processing package changes...
installing sof-firmware...
:: Processing package changes...
installing sof-firmware...
:: Running post-transaction hooks...
(1/2) Arming ConditionNeedsUpdate...
:: Running post-transaction hooks...
(1/2) Arming ConditionNeedsUpdate...
(2/2) Updating linux initcpios...
(2/2) Updating linux initcpios...
==> Building image from preset: /etc/mkinitcpio.d/linux.preset: 'default'
==> Using default configuration file: '/etc/mkinitcpio.conf'
==> Building image from preset: /etc/mkinitcpio.d/linux.preset: 'default'
==> Using default configuration file: '/etc/mkinitcpio.conf'
  -> -k /boot/vmlinuz-linux -g /boot/initramfs-linux.img
  -> -k /boot/vmlinuz-linux -g /boot/initramfs-linux.img
==> Starting build: '6.13.1-arch1-1'
==> Starting build: '6.13.1-arch1-1'
  -> Running build hook: [base]
  -> Running build hook: [base]
  -> Running build hook: [udev]
  -> Running build hook: [udev]
  -> Running build hook: [autodetect]
  -> Running build hook: [autodetect]
  -> Running build hook: [microcode]
  -> Running build hook: [microcode]
  -> Running build hook: [modconf]
  -> Running build hook: [modconf]
  -> Running build hook: [keyboard]
  -> Running build hook: [keyboard]
  -> Running build hook: [keymap]
  -> Running build hook: [keymap]
  -> Running build hook: [consolefont]
  -> Running build hook: [consolefont]
==> WARNING: consolefont: no font found in configuration
==> WARNING: consolefont: no font found in configuration
  -> Running build hook: [block]
  -> Running build hook: [block]
  -> Running build hook: [filesystems]
  -> Running build hook: [filesystems]
  -> Running build hook: [fsck]
  -> Running build hook: [fsck]
==> Generating module dependencies
==> Generating module dependencies
==> Creating zstd-compressed initcpio image: '/boot/initramfs-linux.img'
==> Creating zstd-compressed initcpio image: '/boot/initramfs-linux.img'
  -> Early uncompressed CPIO image generation successful
  -> Early uncompressed CPIO image generation successful
==> Initcpio image generation successful
==> Initcpio image generation successful
==> Building image from preset: /etc/mkinitcpio.d/linux.preset: 'fallback'
==> Using default configuration file: '/etc/mkinitcpio.conf'
==> Building image from preset: /etc/mkinitcpio.d/linux.preset: 'fallback'
==> Using default configuration file: '/etc/mkinitcpio.conf'
  -> -k /boot/vmlinuz-linux -g /boot/initramfs-linux-fallback.img -S autodetect
  -> -k /boot/vmlinuz-linux -g /boot/initramfs-linux-fallback.img -S autodetect
==> Starting build: '6.13.1-arch1-1'
==> Starting build: '6.13.1-arch1-1'
  -> Running build hook: [base]
  -> Running build hook: [base]
  -> Running build hook: [udev]
  -> Running build hook: [udev]
  -> Running build hook: [microcode]
  -> Running build hook: [microcode]
  -> Running build hook: [modconf]
  -> Running build hook: [modconf]
  -> Running build hook: [keyboard]
  -> Running build hook: [keyboard]
==> WARNING: Possibly missing firmware for module: 'xhci_pci_renesas'
==> WARNING: Possibly missing firmware for module: 'xhci_pci_renesas'
  -> Running build hook: [keymap]
  -> Running build hook: [keymap]
  -> Running build hook: [consolefont]
  -> Running build hook: [consolefont]
==> WARNING: consolefont: no font found in configuration
==> WARNING: consolefont: no font found in configuration
  -> Running build hook: [block]
  -> Running build hook: [block]
==> WARNING: Possibly missing firmware for module: 'qed'
==> WARNING: Possibly missing firmware for module: 'qed'
==> WARNING: Possibly missing firmware for module: 'wd719x'
==> WARNING: Possibly missing firmware for module: 'wd719x'
==> WARNING: Possibly missing firmware for module: 'qla1280'
==> WARNING: Possibly missing firmware for module: 'qla1280'
==> WARNING: Possibly missing firmware for module: 'bfa'
==> WARNING: Possibly missing firmware for module: 'bfa'
==> WARNING: Possibly missing firmware for module: 'qla2xxx'
==> WARNING: Possibly missing firmware for module: 'qla2xxx'
==> WARNING: Possibly missing firmware for module: 'aic94xx'
==> WARNING: Possibly missing firmware for module: 'aic94xx'
  -> Running build hook: [filesystems]
  -> Running build hook: [filesystems]
  -> Running build hook: [fsck]
  -> Running build hook: [fsck]
==> Generating module dependencies
==> Generating module dependencies
==> Creating zstd-compressed initcpio image: '/boot/initramfs-linux-fallback.img'
==> Creating zstd-compressed initcpio image: '/boot/initramfs-linux-fallback.img'
  -> Early uncompressed CPIO image generation successful
  -> Early uncompressed CPIO image generation successful
==> Initcpio image generation successful
==> Initcpio image generation successful
[1A[K[32m[OK](B[m Package [33msof-firmware(B[m has been successfully installed!
Created symlink '/home/igorek/.config/systemd/user/sockets.target.wants/pipewire.socket' → '/usr/lib/systemd/user/pipewire.socket'.
Created symlink '/home/igorek/.config/systemd/user/sockets.target.wants/pipewire-pulse.socket' → '/usr/lib/systemd/user/pipewire-pulse.socket'.
Created symlink '/home/igorek/.config/systemd/user/pipewire-session-manager.service' → '/usr/lib/systemd/user/wireplumber.service'.
Created symlink '/home/igorek/.config/systemd/user/pipewire.service.wants/wireplumber.service' → '/usr/lib/systemd/user/wireplumber.service'.
Created symlink '/home/igorek/.config/systemd/user/default.target.wants/pipewire.service' → '/usr/lib/systemd/user/pipewire.service'.
