[32m[OK](B[m adobe-source-code-pro-fonts is already installed. Skipping...
[32m[OK](B[m noto-fonts-emoji is already installed. Skipping...
[33m[NOTE](B[m Installing otf-font-awesome ...
Sync Explicit (1): otf-font-awesome-6.7.2-1
Sync Explicit (1): otf-font-awesome-6.7.2-1
resolving dependencies...
resolving dependencies...
looking for conflicting packages...
looking for conflicting packages...

Package (1)             New Version  Net Change  Download Size

extra/otf-font-awesome  6.7.2-1        1.73 MiB       0.53 MiB

Total Download Size:   0.53 MiB
Total Installed Size:  1.73 MiB

:: Proceed with installation? [Y/n] 
Package (1)             New Version  Net Change  Download Size

extra/otf-font-awesome  6.7.2-1        1.73 MiB       0.53 MiB

Total Download Size:   0.53 MiB
Total Installed Size:  1.73 MiB

:: Proceed with installation? [Y/n] 
:: Retrieving packages...

:: Retrieving packages...
 otf-font-awesome-6.7.2-1-any downloading...
 otf-font-awesome-6.7.2-1-any downloading...
checking keyring...
checking keyring...
checking package integrity...
checking package integrity...
loading package files...
loading package files...
checking for file conflicts...
checking for file conflicts...
checking available disk space...
checking available disk space...
:: Processing package changes...
installing otf-font-awesome...
:: Processing package changes...
installing otf-font-awesome...
:: Running post-transaction hooks...
(1/4) Arming ConditionNeedsUpdate...
:: Running post-transaction hooks...
(1/4) Arming ConditionNeedsUpdate...
(2/4) Updating fontconfig cache...
(2/4) Updating fontconfig cache...
(3/4) Updating 32-bit fontconfig cache...
(3/4) Updating 32-bit fontconfig cache...
(4/4) Updating X fontdir indices...
(4/4) Updating X fontdir indices...
[1A[K[32m[OK](B[m Package [33motf-font-awesome(B[m has been successfully installed!
[32m[OK](B[m ttf-droid is already installed. Skipping...
[32m[OK](B[m ttf-fira-code is already installed. Skipping...
[32m[OK](B[m ttf-jetbrains-mono is already installed. Skipping...
[32m[OK](B[m ttf-jetbrains-mono-nerd is already installed. Skipping...
