[32m[OK](B[m hyprland is already installed. Skipping...
[33m[NOTE](B[m Installing hypridle ...
Sync Explicit (1): hypridle-0.1.5-4
Sync Explicit (1): hypridle-0.1.5-4
resolving dependencies...
resolving dependencies...
looking for conflicting packages...
looking for conflicting packages...

Package (2)      New Version  Net Change  Download Size

extra/sdbus-cpp  2.1.0-2        0.83 MiB       0.22 MiB
extra/hypridle   0.1.5-4        0.18 MiB       0.08 MiB

Total Download Size:   0.30 MiB
Total Installed Size:  1.01 MiB

:: Proceed with installation? [Y/n] 
Package (2)      New Version  Net Change  Download Size

extra/sdbus-cpp  2.1.0-2        0.83 MiB       0.22 MiB
extra/hypridle   0.1.5-4        0.18 MiB       0.08 MiB

Total Download Size:   0.30 MiB
Total Installed Size:  1.01 MiB

:: Proceed with installation? [Y/n] 
:: Retrieving packages...

:: Retrieving packages...
 sdbus-cpp-2.1.0-2-x86_64 downloading...
 hypridle-0.1.5-4-x86_64 downloading...
 sdbus-cpp-2.1.0-2-x86_64 downloading...
 hypridle-0.1.5-4-x86_64 downloading...
checking keyring...
checking keyring...
checking package integrity...
checking package integrity...
loading package files...
loading package files...
checking for file conflicts...
checking for file conflicts...
checking available disk space...
checking available disk space...
:: Processing package changes...
installing sdbus-cpp...
:: Processing package changes...
installing sdbus-cpp...
installing hypridle...
installing hypridle...
:: Running post-transaction hooks...
(1/2) Reloading user manager configuration...
:: Running post-transaction hooks...
(1/2) Reloading user manager configuration...
(2/2) Arming ConditionNeedsUpdate...
(2/2) Arming ConditionNeedsUpdate...
[1A[K[32m[OK](B[m Package [33mhypridle(B[m has been successfully installed!
[33m[NOTE](B[m Installing hyprlock ...
Sync Explicit (1): hyprlock-0.6.2-3
Sync Explicit (1): hyprlock-0.6.2-3
resolving dependencies...
resolving dependencies...
looking for conflicting packages...
looking for conflicting packages...

Package (1)     New Version  Net Change  Download Size

extra/hyprlock  0.6.2-3        0.64 MiB       0.24 MiB

Total Download Size:   0.24 MiB
Total Installed Size:  0.64 MiB

:: Proceed with installation? [Y/n] 
Package (1)     New Version  Net Change  Download Size

extra/hyprlock  0.6.2-3        0.64 MiB       0.24 MiB

Total Download Size:   0.24 MiB
Total Installed Size:  0.64 MiB

:: Proceed with installation? [Y/n] 
:: Retrieving packages...

:: Retrieving packages...
 hyprlock-0.6.2-3-x86_64 downloading...
 hyprlock-0.6.2-3-x86_64 downloading...
checking keyring...
checking keyring...
checking package integrity...
checking package integrity...
loading package files...
loading package files...
checking for file conflicts...
checking for file conflicts...
checking available disk space...
checking available disk space...
:: Processing package changes...
installing hyprlock...
:: Processing package changes...
installing hyprlock...
:: Running post-transaction hooks...
(1/1) Arming ConditionNeedsUpdate...
:: Running post-transaction hooks...
(1/1) Arming ConditionNeedsUpdate...
[1A[K[32m[OK](B[m Package [33mhyprlock(B[m has been successfully installed!
[33m[NOTE](B[m Installing pyprland ...
Sync Dependency (1): python-aiofiles-24.1.0-2
Sync Make Dependency (1): python-poetry-1.8.5-1
AUR Explicit (1): pyprland-2.4.3-0
Sync Dependency (1): python-aiofiles-24.1.0-2
Sync Make Dependency (1): python-poetry-1.8.5-1
AUR Explicit (1): pyprland-2.4.3-0
:: [1m(1/1) Downloaded PKGBUILD: pyprland[0m
:: [1m(1/1) Downloaded PKGBUILD: pyprland[0m
  1 pyprland                                 (Build Files Exist)
==> Packages to cleanBuild?
==> [N]one [A]ll [Ab]ort [I]nstalled [No]tInstalled or (1 2 3, 1-3, ^4)
==> 
  1 pyprland                                 (Build Files Exist)
==> Diffs to show?
==> [N]one [A]ll [Ab]ort [I]nstalled [No]tInstalled or (1 2 3, 1-3, ^4)
==> 
  1 pyprland                                 (Build Files Exist)
==> Packages to cleanBuild?
==> [N]one [A]ll [Ab]ort [I]nstalled [No]tInstalled or (1 2 3, 1-3, ^4)
==> 
  1 pyprland                                 (Build Files Exist)
==> Diffs to show?
==> [N]one [A]ll [Ab]ort [I]nstalled [No]tInstalled or (1 2 3, 1-3, ^4)
==> 
==> Making package: pyprland 2.4.3-0 (Wed 05 Feb 2025 10:59:18 PM +07)
==> Making package: pyprland 2.4.3-0 (Wed 05 Feb 2025 10:59:18 PM +07)
==> Retrieving sources...
==> Retrieving sources...
  -> Downloading pyprland-2.4.3.tar.gz...
  -> Downloading pyprland-2.4.3.tar.gz...
  % Total    % Received % Xferd  Average Speed   Time    Time     Time  Current
                            % Total    % Received % X       Dloferd  Average Speed   Time    Time     Time  Current
                              ad  Uplo   Dload ad   Upload   Tot Total al   Sp  Spent ent    Le   Left ft  Spe Speed
ed
  0      0 0        0 0    0        0   0    0   0        0   0          0   0      0    0 --: --:--:---:-- --- --:--:-- -:--:-:--- --:--:---:--        0  0  0     0    0     0    0     0      0      0 --:--:-- --:--:-- --:--:--     0
  0     0    0     0    0     0      0      0 --:--:-- --:--:-- --:--:--     0
  0     0    0     0    0     0      0      0 --:--:-- --:--:-- --:--:--     0  0     0    0     0    0     0      0      0 --:--:-- --:--:-- --:--:--     0100  505k    0  505k    0     0   365k      0 --:--:--  0:00:01 --:--:--  725k
100  505k    0  505k    0     0   365k      0 --:--:--  0:00:01 --:--:--  725k
==> WARNING: Skipping verification of source file PGP signatures.
==> WARNING: Skipping verification of source file PGP signatures.
==> Validating source files with sha256sums...
==> Validating source files with sha256sums...
    pyprland-2.4.3.tar.gz ...     pyprland-2.4.3.tar.gz ... Passed
Passed
:: [1m(1/1) Parsing SRCINFO: pyprland[0m
:: [1m(1/1) Parsing SRCINFO: pyprland[0m
resolving dependencies...
resolving dependencies...
looking for conflicting packages...
looking for conflicting packages...
warning: dependency cycle detected:
warning: python-poetry-plugin-export will be installed before its python-poetry dependency
warning: dependency cycle detected:
warning: python-poetry-plugin-export will be installed before its python-poetry dependency

Package (24)                            New Version  Net Change  Download Size

extra/python-cachecontrol               1:0.14.2-1     0.17 MiB       0.04 MiB
extra/python-cachy                      0.3.0-11       0.20 MiB       0.04 MiB
extra/python-cleo                       1:2.1.0-1      0.92 MiB       0.17 MiB
extra/python-crashtest                  0.4.1-4        0.05 MiB       0.01 MiB
extra/python-distlib                    0.3.9-2        1.29 MiB       0.24 MiB
extra/python-dulwich                    0.22.7-1       4.35 MiB       0.78 MiB
extra/python-html5lib                   1.1-15         1.66 MiB       0.24 MiB
extra/python-jsonschema                 4.23.0-2       1.33 MiB       0.18 MiB
extra/python-jsonschema-specifications  2024.10.1-1    0.05 MiB       0.01 MiB
extra/python-lark-parser                1.2.2-3        1.24 MiB       0.25 MiB
extra/python-lockfile                   0.12.2-14      0.10 MiB       0.02 MiB
extra/python-pkginfo                    1.12.0-1       0.34 MiB       0.07 MiB
extra/python-poetry-core                1.9.1-2        1.28 MiB       0.22 MiB
extra/python-poetry-plugin-export       1.8.0-3        0.08 MiB       0.02 MiB
extra/python-rapidfuzz                  3.11.0-1      12.72 MiB       2.11 MiB
extra/python-referencing                0.35.1-3       0.38 MiB       0.07 MiB
extra/python-requests-toolbelt          1.0.0-3        0.43 MiB       0.08 MiB
extra/python-rpds-py                    0.22.3-1       0.74 MiB       0.27 MiB
extra/python-shellingham                1.5.4-3        0.06 MiB       0.02 MiB
extra/python-tomlkit                    0.13.2-2       0.57 MiB       0.10 MiB
extra/python-virtualenv                 20.28.0-1      5.19 MiB       3.36 MiB
extra/python-webencodings               0.5.1-12       0.07 MiB       0.02 MiB
extra/python-aiofiles                   24.1.0-2       0.12 MiB       0.03 MiB
extra/python-poetry                     1.8.5-1        2.70 MiB       0.48 MiB

Total Download Size:    8.84 MiB
Total Installed Size:  36.05 MiB

:: Proceed with installation? [Y/n] 
Package (24)                            New Version  Net Change  Download Size

extra/python-cachecontrol               1:0.14.2-1     0.17 MiB       0.04 MiB
extra/python-cachy                      0.3.0-11       0.20 MiB       0.04 MiB
extra/python-cleo                       1:2.1.0-1      0.92 MiB       0.17 MiB
extra/python-crashtest                  0.4.1-4        0.05 MiB       0.01 MiB
extra/python-distlib                    0.3.9-2        1.29 MiB       0.24 MiB
extra/python-dulwich                    0.22.7-1       4.35 MiB       0.78 MiB
extra/python-html5lib                   1.1-15         1.66 MiB       0.24 MiB
extra/python-jsonschema                 4.23.0-2       1.33 MiB       0.18 MiB
extra/python-jsonschema-specifications  2024.10.1-1    0.05 MiB       0.01 MiB
extra/python-lark-parser                1.2.2-3        1.24 MiB       0.25 MiB
extra/python-lockfile                   0.12.2-14      0.10 MiB       0.02 MiB
extra/python-pkginfo                    1.12.0-1       0.34 MiB       0.07 MiB
extra/python-poetry-core                1.9.1-2        1.28 MiB       0.22 MiB
extra/python-poetry-plugin-export       1.8.0-3        0.08 MiB       0.02 MiB
extra/python-rapidfuzz                  3.11.0-1      12.72 MiB       2.11 MiB
extra/python-referencing                0.35.1-3       0.38 MiB       0.07 MiB
extra/python-requests-toolbelt          1.0.0-3        0.43 MiB       0.08 MiB
extra/python-rpds-py                    0.22.3-1       0.74 MiB       0.27 MiB
extra/python-shellingham                1.5.4-3        0.06 MiB       0.02 MiB
extra/python-tomlkit                    0.13.2-2       0.57 MiB       0.10 MiB
extra/python-virtualenv                 20.28.0-1      5.19 MiB       3.36 MiB
extra/python-webencodings               0.5.1-12       0.07 MiB       0.02 MiB
extra/python-aiofiles                   24.1.0-2       0.12 MiB       0.03 MiB
extra/python-poetry                     1.8.5-1        2.70 MiB       0.48 MiB

Total Download Size:    8.84 MiB
Total Installed Size:  36.05 MiB

:: Proceed with installation? [Y/n] 
:: Retrieving packages...

:: Retrieving packages...
 python-virtualenv-20.28.0-1-any downloading...
 python-rapidfuzz-3.11.0-1-x86_64 downloading...
 python-dulwich-0.22.7-1-x86_64 downloading...
 python-poetry-1.8.5-1-any downloading...
 python-rpds-py-0.22.3-1-x86_64 downloading...
 python-lark-parser-1.2.2-3-any downloading...
 python-html5lib-1.1-15-any downloading...
 python-distlib-0.3.9-2-any downloading...
 python-poetry-core-1.9.1-2-any downloading...
 python-jsonschema-4.23.0-2-any downloading...
 python-cleo-1:2.1.0-1-any downloading...
 python-tomlkit-0.13.2-2-any downloading...
 python-requests-toolbelt-1.0.0-3-any downloading...
 python-referencing-0.35.1-3-any downloading...
 python-pkginfo-1.12.0-1-any downloading...
 python-cachecontrol-1:0.14.2-1-any downloading...
 python-cachy-0.3.0-11-any downloading...
 python-aiofiles-24.1.0-2-any downloading...
 python-poetry-plugin-export-1.8.0-3-any downloading...
 python-webencodings-0.5.1-12-any downloading...
 python-lockfile-0.12.2-14-any downloading...
 python-shellingham-1.5.4-3-any downloading...
 python-crashtest-0.4.1-4-any downloading...
 python-jsonschema-specifications-2024.10.1-1-any downloading...
 python-virtualenv-20.28.0-1-any downloading...
 python-rapidfuzz-3.11.0-1-x86_64 downloading...
 python-dulwich-0.22.7-1-x86_64 downloading...
 python-poetry-1.8.5-1-any downloading...
 python-rpds-py-0.22.3-1-x86_64 downloading...
 python-lark-parser-1.2.2-3-any downloading...
 python-html5lib-1.1-15-any downloading...
 python-distlib-0.3.9-2-any downloading...
 python-poetry-core-1.9.1-2-any downloading...
 python-jsonschema-4.23.0-2-any downloading...
 python-cleo-1:2.1.0-1-any downloading...
 python-tomlkit-0.13.2-2-any downloading...
 python-requests-toolbelt-1.0.0-3-any downloading...
 python-referencing-0.35.1-3-any downloading...
 python-pkginfo-1.12.0-1-any downloading...
 python-cachecontrol-1:0.14.2-1-any downloading...
 python-cachy-0.3.0-11-any downloading...
 python-aiofiles-24.1.0-2-any downloading...
 python-poetry-plugin-export-1.8.0-3-any downloading...
 python-webencodings-0.5.1-12-any downloading...
 python-lockfile-0.12.2-14-any downloading...
 python-shellingham-1.5.4-3-any downloading...
 python-crashtest-0.4.1-4-any downloading...
 python-jsonschema-specifications-2024.10.1-1-any downloading...
checking keyring...
checking keyring...
checking package integrity...
checking package integrity...
loading package files...
loading package files...
checking for file conflicts...
checking for file conflicts...
checking available disk space...
checking available disk space...
:: Processing package changes...
installing python-aiofiles...
:: Processing package changes...
installing python-aiofiles...
installing python-cachecontrol...
installing python-cachecontrol...
Optional dependencies for python-cachecontrol
    python-lockfile: for filecache [pending]
    python-redis: for redis cache
installing python-cachy...
Optional dependencies for python-cachecontrol
    python-lockfile: for filecache [pending]
    python-redis: for redis cache
installing python-cachy...
installing python-crashtest...
installing python-crashtest...
installing python-rapidfuzz...
installing python-rapidfuzz...
Optional dependencies for python-rapidfuzz
    python-numpy [installed]
installing python-cleo...
Optional dependencies for python-rapidfuzz
    python-numpy [installed]
installing python-cleo...
installing python-dulwich...
installing python-dulwich...
Optional dependencies for python-dulwich
    python-fastimport: for fast-import support
    python-gpgme: for PGP signature support
    python-idna: for HTTPS support via urllib3 [installed]
    python-paramiko: for use as the SSH implementation
    python-pyopenssl: for HTTPS support via urllib3 [installed]
    python-pyinotify: to watch for changes to refs
installing python-webencodings...
Optional dependencies for python-dulwich
    python-fastimport: for fast-import support
    python-gpgme: for PGP signature support
    python-idna: for HTTPS support via urllib3 [installed]
    python-paramiko: for use as the SSH implementation
    python-pyopenssl: for HTTPS support via urllib3 [installed]
    python-pyinotify: to watch for changes to refs
installing python-webencodings...
installing python-html5lib...
installing python-html5lib...
Optional dependencies for python-html5lib
    python-lxml: lxml treebuilder [installed]
    python-genshi: genshi treewalker
installing python-rpds-py...
Optional dependencies for python-html5lib
    python-lxml: lxml treebuilder [installed]
    python-genshi: genshi treewalker
installing python-rpds-py...
installing python-referencing...
installing python-referencing...
installing python-jsonschema-specifications...
installing python-jsonschema-specifications...
installing python-jsonschema...
installing python-jsonschema...
Optional dependencies for python-jsonschema
    python-isoduration: for duration format
    python-fqdn: for hostname format
    python-idna: for idn-hostname format [installed]
    python-jsonpointer: for json-pointer & relative-json-pointer format
    python-rfc3339-validator: for date-time format
    python-rfc3987: for iri, iri-reference, uri & uri-reference format
    python-uri-template: for uri-template format
    python-webcolors: for color format
installing python-lockfile...
Optional dependencies for python-jsonschema
    python-isoduration: for duration format
    python-fqdn: for hostname format
    python-idna: for idn-hostname format [installed]
    python-jsonpointer: for json-pointer & relative-json-pointer format
    python-rfc3339-validator: for date-time format
    python-rfc3987: for iri, iri-reference, uri & uri-reference format
    python-uri-template: for uri-template format
    python-webcolors: for color format
installing python-lockfile...
installing python-pkginfo...
installing python-pkginfo...
installing python-lark-parser...
installing python-lark-parser...
Optional dependencies for python-lark-parser
    python-atomicwrites: for atomic_cache
    python-regex: for regex support
installing python-poetry-core...
Optional dependencies for python-lark-parser
    python-atomicwrites: for atomic_cache
    python-regex: for regex support
installing python-poetry-core...
installing python-poetry-plugin-export...
installing python-poetry-plugin-export...
installing python-requests-toolbelt...
installing python-requests-toolbelt...
installing python-shellingham...
installing python-shellingham...
installing python-tomlkit...
installing python-tomlkit...
installing python-distlib...
installing python-distlib...
installing python-virtualenv...
installing python-virtualenv...
installing python-poetry...
installing python-poetry...
Optional dependencies for python-poetry
    python-pip: to use pip with virtual environments [installed]
Optional dependencies for python-poetry
    python-pip: to use pip with virtual environments [installed]
:: Running post-transaction hooks...
(1/1) Arming ConditionNeedsUpdate...
:: Running post-transaction hooks...
(1/1) Arming ConditionNeedsUpdate...
==> Making package: pyprland 2.4.3-0 (Wed 05 Feb 2025 10:59:25 PM +07)
==> Making package: pyprland 2.4.3-0 (Wed 05 Feb 2025 10:59:25 PM +07)
==> Checking runtime dependencies...
==> Checking runtime dependencies...
==> Checking buildtime dependencies...
==> Checking buildtime dependencies...
==> Retrieving sources...
==> Retrieving sources...
  -> Found pyprland-2.4.3.tar.gz
  -> Found pyprland-2.4.3.tar.gz
==> Validating source files with sha256sums...
==> Validating source files with sha256sums...
    pyprland-2.4.3.tar.gz ...     pyprland-2.4.3.tar.gz ... Passed
Passed
==> Removing existing $srcdir/ directory...
==> Removing existing $srcdir/ directory...
==> Extracting sources...
==> Extracting sources...
  -> Extracting pyprland-2.4.3.tar.gz with bsdtar
  -> Extracting pyprland-2.4.3.tar.gz with bsdtar
==> Sources are ready.
==> Sources are ready.
==> Making package: pyprland 2.4.3-0 (Wed 05 Feb 2025 10:59:26 PM +07)
==> Making package: pyprland 2.4.3-0 (Wed 05 Feb 2025 10:59:26 PM +07)
==> Checking runtime dependencies...
==> Checking runtime dependencies...
==> Checking buildtime dependencies...
==> Checking buildtime dependencies...
==> WARNING: Using existing $srcdir/ tree
==> WARNING: Using existing $srcdir/ tree
==> Starting build()...
==> Starting build()...
* Getting build dependencies for wheel...
* Getting build dependencies for wheel...
* Building wheel...
* Building wheel...
Successfully built pyprland-2.4.3-py3-none-any.whl
Successfully built pyprland-2.4.3-py3-none-any.whl
==> Entering fakeroot environment...
==> Entering fakeroot environment...
==> Starting package()...
==> Starting package()...
==> Tidying install...
==> Tidying install...
  -> Removing libtool files...
  -> Removing libtool files...
  -> Purging unwanted files...
  -> Purging unwanted files...
  -> Removing static library files...
  -> Removing static library files...
  -> Stripping unneeded symbols from binaries and libraries...
  -> Stripping unneeded symbols from binaries and libraries...
  -> Compressing man and info pages...
  -> Compressing man and info pages...
==> Checking for packaging issues...
==> Checking for packaging issues...
==> Creating package "pyprland"...
==> Creating package "pyprland"...
  -> Generating .PKGINFO file...
  -> Generating .PKGINFO file...
  -> Generating .BUILDINFO file...
  -> Generating .BUILDINFO file...
  -> Generating .MTREE file...
  -> Generating .MTREE file...
  -> Compressing package...
  -> Compressing package...
==> Leaving fakeroot environment.
==> Leaving fakeroot environment.
==> Finished making: pyprland 2.4.3-0 (Wed 05 Feb 2025 10:59:28 PM +07)
==> Finished making: pyprland 2.4.3-0 (Wed 05 Feb 2025 10:59:28 PM +07)
==> Cleaning up...
==> Cleaning up...
loading packages...
resolving dependencies...
loading packages...
resolving dependencies...
looking for conflicting packages...
looking for conflicting packages...

Package (1)  New Version  Net Change

pyprland     2.4.3-0        0.69 MiB

Total Installed Size:  0.69 MiB

:: Proceed with installation? [Y/n] 
Package (1)  New Version  Net Change

pyprland     2.4.3-0        0.69 MiB

Total Installed Size:  0.69 MiB

:: Proceed with installation? [Y/n] 
checking keyring...
checking package integrity...
loading package files...
checking for file conflicts...

checking keyring...
checking package integrity...
loading package files...
checking for file conflicts...
checking available disk space...
checking available disk space...
:: Processing package changes...
installing pyprland...
:: Processing package changes...
installing pyprland...
:: Running post-transaction hooks...
(1/1) Arming ConditionNeedsUpdate...
:: Running post-transaction hooks...
(1/1) Arming ConditionNeedsUpdate...
[1A[K[32m[OK](B[m Package [33mpyprland(B[m has been successfully installed!
[32m[OK](B[m libspng is already installed. Skipping...
